<?xml version="1.0" encoding="UTF-8"?>
<!-- Generated by org.testng.reporters.JUnitXMLReporter -->
<testsuite hostname="OM-URVA" ignored="0" tests="0" failures="0" timestamp="20 Dec 2016 19:17:03 GMT" time="0.014" errors="0">
  <testcase name="@BeforeTest openbrowser" time="0.0" classname="TestNG.CrossBrowserTesting">
    <failure type="org.testng.TestNGException" message="
Parameter &amp;apos;browser&amp;apos; is required by BeforeTest on method openbrowser but has not been marked @Optional or defined
in D:\Selenium\eClipse workspace\TestNG-Demo\testng.xml">
      <![CDATA[org.testng.TestNGException: 
Parameter 'browser' is required by BeforeTest on method openbrowser but has not been marked @Optional or defined
in D:\Selenium\eClipse workspace\TestNG-Demo\testng.xml
... Removed 20 stack frames]]>
    </failure>
  </testcase> <!-- @BeforeTest openbrowser -->
  <testcase name="@AfterTest close" time="0.0" classname="TestNG.CrossBrowserTesting">
    <skipped/>
  </testcase> <!-- @AfterTest close -->
</testsuite>
